[2024-10-18 00:58:14] This is codeql database analyze codeql-db --format=sarif-latest --output=codeql-results.sarif
[2024-10-18 00:58:14] Log file was started late.
[2024-10-18 00:58:14] [PROGRESS] database analyze> Running queries.
[2024-10-18 00:58:14] Running plumbing command: codeql database run-queries --evaluator-log-level=5 --warnings=show --qlconfig-file=/home/debiana/w3school/objexamples/police/qlconfig.yml --no-rerun --interpret-passthrough=null,--format=sarif-latest,-o=/home/debiana/w3school/objexamples/police/codeql-results.sarif,--max-paths=4,--csv-location-format=line-column,--print-diagnostics-summary,--print-metrics-summary,--qlconfig-file=/home/debiana/w3school/objexamples/police/qlconfig.yml,--,/home/debiana/w3school/objexamples/police/codeql-db -- /home/debiana/w3school/objexamples/police/codeql-db
[2024-10-18 00:58:14] Exception caught at top level: Database at /home/debiana/w3school/objexamples/police/codeql-db needs to be finalized before running queries; please run codeql database finalize
                      com.semmle.cli2.database.RunQueriesCommand.executeSubcommand(RunQueriesCommand.java:233)
                      com.semmle.cli2.picocli.SubcommandCommon.lambda$executeSubcommandWithMessages$5(SubcommandCommon.java:863)
                      com.semmle.cli2.picocli.SubcommandCommon.withCompilationMessages(SubcommandCommon.java:442)
                      com.semmle.cli2.picocli.SubcommandCommon.executeSubcommandWithMessages(SubcommandCommon.java:861)
                      com.semmle.cli2.picocli.PlumbingRunner.run(PlumbingRunner.java:119)
                      com.semmle.cli2.picocli.SubcommandCommon.execPlumbingInProcess(SubcommandCommon.java:227)
                      com.semmle.cli2.database.AnalyzeCommand.executeSubcommand(AnalyzeCommand.java:167)
                      com.semmle.cli2.picocli.SubcommandCommon.lambda$executeSubcommandWithMessages$5(SubcommandCommon.java:863)
                      com.semmle.cli2.picocli.SubcommandCommon.withCompilationMessages(SubcommandCommon.java:442)
                      com.semmle.cli2.picocli.SubcommandCommon.executeSubcommandWithMessages(SubcommandCommon.java:861)
                      com.semmle.cli2.picocli.SubcommandCommon.toplevelMain(SubcommandCommon.java:745)
                      com.semmle.cli2.picocli.SubcommandCommon.call(SubcommandCommon.java:726)
                      com.semmle.cli2.picocli.SubcommandMaker.runMain(SubcommandMaker.java:237)
                      com.semmle.cli2.picocli.SubcommandMaker.runMain(SubcommandMaker.java:258)
                      com.semmle.cli2.CodeQL.main(CodeQL.java:115)
