[2024-10-18 00:18:51] This is codeql database create codeql-db --language=java --source-root=src --overwrite
[2024-10-18 00:18:51] Log file was started late.
[2024-10-18 00:18:51] [PROGRESS] database create> Initializing database at /home/debiana/w3school/objexamples/police/codeql-db.
[2024-10-18 00:18:51] Running plumbing command: codeql database init --overwrite --language=java --extractor-options-verbosity=1 --qlconfig-file=/home/debiana/w3school/objexamples/police/qlconfig.yml --source-root=/home/debiana/w3school/objexamples/police/src --allow-missing-source-root=false --allow-already-existing -- /home/debiana/w3school/objexamples/police/codeql-db
[2024-10-18 00:18:51] Exception caught at top level: Invalid source root: /home/debiana/w3school/objexamples/police/src.
                      com.semmle.cli2.database.InitCommand.executeSubcommand(InitCommand.java:168)
                      com.semmle.cli2.picocli.SubcommandCommon.lambda$executeSubcommandWithMessages$5(SubcommandCommon.java:863)
                      com.semmle.cli2.picocli.SubcommandCommon.withCompilationMessages(SubcommandCommon.java:442)
                      com.semmle.cli2.picocli.SubcommandCommon.executeSubcommandWithMessages(SubcommandCommon.java:861)
                      com.semmle.cli2.picocli.PlumbingRunner.run(PlumbingRunner.java:119)
                      com.semmle.cli2.picocli.SubcommandCommon.runPlumbingInProcess(SubcommandCommon.java:199)
                      com.semmle.cli2.database.CreateCommand.executeSubcommand(CreateCommand.java:113)
                      com.semmle.cli2.picocli.SubcommandCommon.lambda$executeSubcommandWithMessages$5(SubcommandCommon.java:863)
                      com.semmle.cli2.picocli.SubcommandCommon.withCompilationMessages(SubcommandCommon.java:442)
                      com.semmle.cli2.picocli.SubcommandCommon.executeSubcommandWithMessages(SubcommandCommon.java:861)
                      com.semmle.cli2.picocli.SubcommandCommon.toplevelMain(SubcommandCommon.java:745)
                      com.semmle.cli2.picocli.SubcommandCommon.call(SubcommandCommon.java:726)
                      com.semmle.cli2.picocli.SubcommandMaker.runMain(SubcommandMaker.java:237)
                      com.semmle.cli2.picocli.SubcommandMaker.runMain(SubcommandMaker.java:258)
                      com.semmle.cli2.CodeQL.main(CodeQL.java:115)
